make.exe all --print-data-base --no-builtin-variables --no-builtin-rules --question
# GNU Make 3.82.90
# Built for i686-pc-mingw32
# Copyright (C) 1988-2012 Free Software Foundation, Inc.
# License GPLv3+: GNU GPL version 3 or later <http://gnu.org/licenses/gpl.html>
# This is free software: you are free to change and redistribute it.
# There is NO WARRANTY, to the extent permitted by law.
 

# Make data base, printed on Mon May 23 23:15:24 2022

# Variables

# automatic
<D = $(patsubst %/,%,$(patsubst %\,%,$(dir $<)))
# automatic
?F = $(notdir $?)
# default
.SHELLFLAGS := -c
# makefile
MAKEFLAGS = Rrqp
# environment
VSCODE_LOG_NATIVE = false
# automatic
?D = $(patsubst %/,%,$(patsubst %\,%,$(dir $?)))
# automatic
@D = $(patsubst %/,%,$(patsubst %\,%,$(dir $@)))
# environment
HOMEDRIVE = C:
# automatic
@F = $(notdir $@)
# automatic
^D = $(patsubst %/,%,$(patsubst %\,%,$(dir $^)))
# makefile
CUR 
DIR := c:/Users/User/Top-Down-Shooter-in-C
# default
SHELL := sh.exe
# environment
WINDIR = C:\WINDOWS
# environment
VSCODE_NLS_CONFIG = {"locale":"en-us","availableLanguages":{},"_languagePackSupport":true}
# environment
ONEDRIVE = C:\Users\User\OneDrive
# environment
PATHEXT = .COM;.EXE;.BAT;.CMD;.VBS;.VBE;.JS;.JSE;.WSF;.WSH;.MSC
# makefile
MAKEFILE_LIST := 
# environment
FPS_BROWSER_USER_PROFILE_STRING = Default
# environment
TMP = C:\Users\User\AppData\Local\Temp
# environment
VSCODE_VERBOSE_LOGGING = true
# environment
PROGRAMW6432 = C:\Program Files
# environment
PROGRAMDATA = C:\ProgramData
# environment
MINGW = C:\MinGW\bin
# environment
VSCODE_IPC_HOOK_EXTHOST = \\.\pipe\vscode-ipc-679492ec-d172-4a00-aa9c-6953d01df661-sock
# environment
VSCODE_CWD = C:\Users\User\AppData\Local\Programs\Microsoft VS Code
# environment
PATH = C:\Program Files\Common Files\Oracle\Java\javapath;C:\Windows\system32;C:\Windows;C:\Windows\System32\Wbem;C:\Windows\System32\WindowsPowerShell\v1.0\;C:\Windows\System32\OpenSSH\;C:\Program Files (x86)\NVIDIA Corporation\PhysX\Common;C:\Program Files\NVIDIA Corporation\NVIDIA NvDLISR;C:\Program Files\Git\cmd;C:\WINDOWS\system32;C:\WINDOWS;C:\WINDOWS\System32\Wbem;C:\WINDOWS\System32\WindowsPowerShell\v1.0\;C:\WINDOWS\System32\OpenSSH\;C:\Program Files\nodejs\;C:\MinGW\bin;C:\Program Files\Microsoft SQL Server\Client SDK\ODBC\170\Tools\Binn\;C:\Program Files (x86)\Microsoft SQL Server\150\Tools\Binn\;C:\Program Files\Microsoft SQL Server\150\Tools\Binn\;C:\Program Files\Microsoft SQL Server\150\DTS\Binn\;C:\Program Files (x86)\Microsoft SQL Server\150\DTS\Binn\;C:\Program Files\Azure Data Studio\bin;C:\Program Files (x86)\dotnet\;C:\Program Files\dotnet\;C:\Users\User\AppData\Local\Microsoft\WindowsApps;C:\Users\User\AppData\Local\Programs\Microsoft VS Code\bin;C:\Users\User\AppData\Roaming\npm;C:\Users\User\AppData\Local\Programs\mongosh\;mongosh;;C:\Program Files\Azure Data Studio\bin;C:\Users\User\.dotnet\tools
# environment
COMMONPROGRAMW6432 = C:\Program Files\Common Files
# environment
ZES_ENABLE_SYSMAN = 1
# environment
PROCESSOR_ARCHITECTURE = x86
# environment
USERPROFILE = C:\Users\User
# environment
ALLUSERSPROFILE = C:\ProgramData
# environment
VSCODE_LOG_STACK = false
# environment
NUMBER_OF_PROCESSORS = 8
# environment
ELECTRON_RUN_AS_NODE = 1
# default
.FEATURES := target-specific order-only second-expansion else-if shortest-stem undefine oneshell archives jobserver
# automatic
%F = $(notdir $%)
# environment
CHROME_CRASHPAD_PIPE_NAME = \\.\pipe\crashpad_6164_KAAWBIOBTFAHDFFJ
# environment
VSCODE_PIPE_LOGGING = true
# environment
COMPUTERNAME = DESKTOP-EPEQAE8
# environment
PROGRAMFILES = C:\Program Files (x86)
# environment
DRIVERDATA = C:\Windows\System32\Drivers\DriverData
# environment
ASL.LOG = Destination=file
# environment
ORIGINAL_XDG_CURRENT_DESKTOP = undefined
# environment
USERNAME = User
# environment
PUBLIC = C:\Users\Public
# environment
VSCODE_AMD_ENTRYPOINT = vs/workbench/api/node/extensionHostProcess
# environment
VSCODE_CODE_CACHE_PATH = C:\Users\User\AppData\Roaming\Code\CachedData\c3511e6c69bb39013c4a4b7b9566ec1ca73fc4d5
# environment
APPLICATION_INSIGHTS_NO_DIAGNOSTIC_CHANNEL = 1
# environment
COMMONPROGRAMFILES = C:\Program Files (x86)\Common Files
# environment
LOGONSERVER = \\DESKTOP-EPEQAE8
# environment
VSCODE_HANDLES_UNCAUGHT_ERRORS = true
# environment
USERDOMAIN = DESKTOP-EPEQAE8
# environment
MAKELEVEL := 0
# default
MAKE = $(MAKE_COMMAND)
# default
MAKECMDGOALS := all
# default
MAKE_VERSION := 3.82.90
# makefile
.DEFAULT_GOAL := 
# environment
PROGRAMFILES(X86) = C:\Program Files (x86)
# automatic
%D = $(patsubst %/,%,$(patsubst %\,%,$(dir $%)))
# environment
LOCALAPPDATA = C:\Users\User\AppData\Local
# environment
PSMODULEPATH = C:\Program Files\WindowsPowerShell\Modules;C:\WINDOWS\system32\WindowsPowerShell\v1.0\Modules;C:\Program Files (x86)\Microsoft SQL Server\150\Tools\PowerShell\Modules\
# default
MAKE_COMMAND := make.exe
# environment
PROCESSOR_ARCHITEW6432 = AMD64
# default
.VARIABLES := 
# automatic
*F = $(notdir $*)
# environment
PROCES 
SOR_IDENTIFIER = Intel64 Family 6 Model 165 Stepping 2, GenuineIntel
# environment
OS = Windows_NT
# environment
VSCODE_IPC_HOOK = \\.\pipe\ddf78b73f802b4b105ac4da8ec09dfcf-1.67.2-main-sock
# environment
HOMEPATH = \Users\User
# environment
COMMONPROGRAMFILES(X86) = C:\Program Files (x86)\Common Files
# environment
PROMPT = $P$G
# environment
MFLAGS = -Rrqp
# automatic
*D = $(patsubst %/,%,$(patsubst %\,%,$(dir $*)))
# environment
SYSTEMROOT = C:\WINDOWS
# automatic
+D = $(patsubst %/,%,$(patsubst %\,%,$(dir $+)))
# automatic
+F = $(notdir $+)
# environment
APPDATA = C:\Users\User\AppData\Roaming
# environment
TEMP = C:\Users\User\AppData\Local\Temp
# environment
COMSPEC = C:\WINDOWS\system32\cmd.exe
# default
MAKEFILES := 
# automatic
<F = $(notdir $<)
# environment
LC_ALL = C
# automatic
^F = $(notdir $^)
# default
SUFFIXES := 
# environment
SYSTEMDRIVE = C:
# environment
SESSIONNAME = Console
# environment
PROCESSOR_REVISION = a502
# default
.INCLUDE_DIRS = C:/MinGW/include
# default
.RECIPEPREFIX := 
# environment
LANG = C
# environment
PROCESSOR_LEVEL = 6
# environment
FPS_BROWSER_APP_PROFILE_STRING = Internet Explorer
# environment
VSCODE_PID = 6164
# environment
USERDOMAIN_ROAMINGPROFILE = DESKTOP-EPEQAE8
# variable set hash-table stats:
# Load=94/1024=9%, Rehash=0, Collisions=11/110=10%

# Pattern-specific Variable Values

# No pattern-specific variable values.

# Directories

# : could not be stat'd.
# C:\Program Files\dotnet\ (key C:/Program Files/dotnet/, mtime 1649230339): 8 files, no impossibilities.
# C:\Program Files\NVIDIA Corporation\NVIDIA NvDLISR (key C:/Program Files/NVIDIA Corporation/NVIDIA NvDLISR, mtime 1620555679): 5 files, no impossibilities.
# C:\Users\User\AppData\Local\Programs\Microsoft VS Code\bin (key C:/Users/User/AppData/Local/Programs/Microsoft VS Code/bin, mtime 1653277906): 4 files, no impossibilities.
# C:\Windows\System32\WindowsPowerShell\v1.0\ (key C:/Windows/System32/WindowsPowerShell/v1.0/, mtime 1622898672): 30 files, no impossibilities.
# C:\WINDOWS\System32\Wbem (key C:/WINDOWS/System32/Wbem, mtime 1652422621): 154 files, no impossibilities.
# . (key c:/Users/User/Top-Down-Shooter-in-C, mtime 1653318515): 13 files, no impossibilities.
# C:\Program Files (x86)\Microsoft SQL Server\150\DTS\Binn\ (key C:/Program Files (x86)/Microsoft SQL Server/150/DTS/Binn/, mtime 1644644080): 4 files, no impossibilities.
# C:\Program Files\Microsoft SQL Server\Client SDK\ODBC\170\Tools\Binn\ (key C:/Program Files/Microsoft SQL Server/Client SDK/ODBC/170/Tools/Binn/, mtime 1644644116): 6 files, no impossibilities.
# C:\Users\User\.dotnet\tools: could not be stat'd.
# C:\Program Files (x86)\dotnet\ (key C:/Program Files (x86)/dotnet/, mtime 1646110714): 13 files, no impossibilities.
# C:\Program Files\Microsoft SQL Server\150\Tools\Binn\ (key C:/Program Files/Microsoft SQL Server/150/Tools/Binn/, mtime 1644644094): 13 files, no impossibilities.
# C:\Program Files\Git\cmd (key C:/Program Files/Git/cmd, mtime 1632218245): 8 files, no impossibilities.
# C:\Windows\System32\OpenSSH\: could not be stat'd.
# C:\MinGW\bin (key C:/MinGW/bin, mtime 1653318179): 57 files, no impossibilities.
# C:\Program Files (x86)\NVIDIA Corporation\PhysX\Common (key C:/Program Files (x86)/NVIDIA Corporation/PhysX/Common, mtime 1620555090): 10 files, no impossibilities.
# C:\WINDOWS (key C:/WINDOWS, mtime 1652467215): 122 files, no impossibilities.
# C:\Windows (key C:/Windows, mtime 1652467215): 122 files, no impossibilities.
# C:\Windows\System32\Wbem (key C:/Windows/System32/Wbem, mtime 1652422621): 154 files, no impossibilities.
# C:\Program Files (x86)\Microsoft SQL Server\150\Tools\Binn\ (key C:/Program Files (x86)/Microsoft SQL Server/150/Tools/Binn/, mtime 1644644093): 11 files, no impossibilities.
# C:\Users\User\AppData\Local\Microsoft\WindowsApps (key C:/Users/User/AppData/Local/Microsoft/WindowsApps, mtime 1652429122): 26 files, no impossibilities.
# C:\Program Files\Microsoft SQL Server\150\DTS\Binn\ (key C:/Program Files/Microsoft SQL Server/150/DTS/Binn/, mtime 1644644116): 46 files, no impossibilities.
# C:\Users\User\AppData\Local\Programs\mongosh\ (key C:/Users/User/AppData/Local/Programs/mongosh/, mtime 1633841796): 8 files, no impossibilities.
# C:\Program Files\Common Files\Oracle\Java\javapath (key C:/Program Files/Common Files/Oracle/Java/javapath, mtime 1644210148): 6 files, no impossibilities.
# C:\Program Files\nodejs\ (key C:/Program Files/nodejs/, mtime 1633841337): 11 files, no impossibilities.
# C:\WINDOWS\System32\WindowsPowerShell\v1.0\ (key C:/WINDOWS/System32/WindowsPowerShell/v1.0/, mtime 1622898672): 30 files, no impossibilities.
# C:\Windows\system32 (key C:/Windows/system32, mtime 1653316716): 2998 files, no impossibilities.
# C:\Users\User\AppData\Roaming\npm (key C:/Users/User/AppData/Roaming/npm, mtime 1640587520): 33 files, no impossibilities.
# mongosh: could not be stat'd.
# C:\Program Files\Azure Data Studio\bin (key C:/Program Files/Azure Data Studio/bin, mtime 1644644390): 4 files, no impossibilities.
# C:\WINDOWS\System32\OpenSSH\: could not be stat'd.
# C:\WINDOWS\system32 (key C:/WINDOWS/system32, mtime 1653316716): 2998 files, no impossibilities.

# 6894 files, no impossibilities in 32 directories.

# Implicit Rules

# No implicit rules.

# Files

# Not a target:
all:
#  Command line target.
#  Implicit rule search has been done.
#  File does not exist.
#  File has not been updated.

# Not a target:
.SUFFIXES:
#  Implicit rule search has not been done.
#  Modification time never checked.
#  File has not been updated.

# Not a target:
Makefile:
#  Implicit rule search has been done.
#  File does not exist.
#  File has been updated.
#  Failed to be updated.

# Not a target:
makefile:
#  Implicit rule search has been done.
#  File does not exist.
#  File has been updated.
#  Failed to be updated.

# Not a target:
.DEFAULT:
#  Implicit rule search has not been done.
#  Modification time never checked.
#  File has not been updated.

# Not a target:
GNUmakefile:
#  Implicit rule search has been done.
#  File does not exist.
#  File has been updated.
#  Failed to be updated.

# files hash-table stats:
# Load=6/1024=1%, Rehash=0, Collisions=0/15=0%
# VPATH Search Paths

# No 'vpath' search paths.

# No general ('VPATH' variable) search path.

# strcache buffers: 7 (6) / strings = 3548 / storage = 54083 B / avg = 15 B
# current buf: size = 8174 B / used = 5069 B / count = 272 / avg = 18 B
# other used: total = 45909 B / count = 3276 / avg = 14 B
# other free: total = 30 B / max = 9 B / min = 1 B / avg = 5 B

# strcache performance: lookups = 6934 / hit rate = 48%
# hash-table stats:
# Load=3548/8192=43%, Rehash=0, Collisions=2268/6934=33%
# Finished Make data base on Mon May 23 23:15:24 2022

 
make.exe: *** No rule to make target 'all'.  Stop.

